2024-01-30 23:21:05,051 INFO [background-preinit][Version.java:21] - HV000001: Hibernate Validator 6.1.6.Final
2024-01-30 23:21:05,051 INFO [background-preinit][Version.java:21] - HV000001: Hibernate Validator 6.1.6.Final
2024-01-30 23:21:06,343 WARN [background-preinit][CompositeLog.java:127] - For Jackson Kotlin classes support please add "com.fasterxml.jackson.module:jackson-module-kotlin" to the classpath
2024-01-30 23:21:06,343 WARN [background-preinit][CompositeLog.java:127] - For Jackson Kotlin classes support please add "com.fasterxml.jackson.module:jackson-module-kotlin" to the classpath
2024-01-30 23:21:08,541 WARN [main][NacosPropertySourceBuilder.java:87] - Ignore the empty nacos configuration and get it based on dataId[content-service] & group[xuecheng-plus-project]
2024-01-30 23:21:08,541 WARN [main][NacosPropertySourceBuilder.java:87] - Ignore the empty nacos configuration and get it based on dataId[content-service] & group[xuecheng-plus-project]
2024-01-30 23:21:08,553 WARN [main][NacosPropertySourceBuilder.java:87] - Ignore the empty nacos configuration and get it based on dataId[content-service.yaml] & group[xuecheng-plus-project]
2024-01-30 23:21:08,553 WARN [main][NacosPropertySourceBuilder.java:87] - Ignore the empty nacos configuration and get it based on dataId[content-service.yaml] & group[xuecheng-plus-project]
2024-01-30 23:21:08,563 INFO [main][PropertySourceBootstrapConfiguration.java:112] - Located property source: [BootstrapPropertySource {name='bootstrapProperties-content-service-dev.yaml,xuecheng-plus-project'}, BootstrapPropertySource {name='bootstrapProperties-content-service.yaml,xuecheng-plus-project'}, BootstrapPropertySource {name='bootstrapProperties-content-service,xuecheng-plus-project'}, BootstrapPropertySource {name='bootstrapProperties-feign-dev.yaml,xuecheng-plus-common'}]
2024-01-30 23:21:08,563 INFO [main][PropertySourceBootstrapConfiguration.java:112] - Located property source: [BootstrapPropertySource {name='bootstrapProperties-content-service-dev.yaml,xuecheng-plus-project'}, BootstrapPropertySource {name='bootstrapProperties-content-service.yaml,xuecheng-plus-project'}, BootstrapPropertySource {name='bootstrapProperties-content-service,xuecheng-plus-project'}, BootstrapPropertySource {name='bootstrapProperties-feign-dev.yaml,xuecheng-plus-common'}]
2024-01-30 23:21:08,626 INFO [main][SpringApplication.java:655] - The following profiles are active: dev
2024-01-30 23:21:08,626 INFO [main][SpringApplication.java:655] - The following profiles are active: dev
2024-01-30 23:21:10,008 INFO [main][GenericScope.java:295] - BeanFactory id=1941c509-593e-3045-b96b-7f8c1b065ab3
2024-01-30 23:21:10,008 INFO [main][GenericScope.java:295] - BeanFactory id=1941c509-593e-3045-b96b-7f8c1b065ab3
2024-01-30 23:21:10,122 INFO [main][PostProcessorRegistrationDelegate.java:335] - Bean 'com.xuecheng.content.feignclient.MediaServiceClient' of type [org.springframework.cloud.openfeign.FeignClientFactoryBean] is not eligible for getting processed by all BeanPostProcessors (for example: not eligible for auto-proxying)
2024-01-30 23:21:10,122 INFO [main][PostProcessorRegistrationDelegate.java:335] - Bean 'com.xuecheng.content.feignclient.MediaServiceClient' of type [org.springframework.cloud.openfeign.FeignClientFactoryBean] is not eligible for getting processed by all BeanPostProcessors (for example: not eligible for auto-proxying)
2024-01-30 23:21:15,898 INFO [main][XxlJobConfig.java:46] - >>>>>>>>>>> xxl-job config init.
2024-01-30 23:21:15,898 INFO [main][XxlJobConfig.java:46] - >>>>>>>>>>> xxl-job config init.
2024-01-30 23:21:16,026 WARN [main][URLConfigurationSource.java:121] - No URLs will be polled as dynamic configuration sources.
2024-01-30 23:21:16,026 WARN [main][URLConfigurationSource.java:121] - No URLs will be polled as dynamic configuration sources.
2024-01-30 23:21:16,027 INFO [main][URLConfigurationSource.java:122] - To enable URLs as dynamic configuration sources, define System property archaius.configurationSource.additionalUrls or make config.properties available on classpath.
2024-01-30 23:21:16,027 INFO [main][URLConfigurationSource.java:122] - To enable URLs as dynamic configuration sources, define System property archaius.configurationSource.additionalUrls or make config.properties available on classpath.
2024-01-30 23:21:16,038 WARN [main][URLConfigurationSource.java:121] - No URLs will be polled as dynamic configuration sources.
2024-01-30 23:21:16,038 WARN [main][URLConfigurationSource.java:121] - No URLs will be polled as dynamic configuration sources.
2024-01-30 23:21:16,040 INFO [main][URLConfigurationSource.java:122] - To enable URLs as dynamic configuration sources, define System property archaius.configurationSource.additionalUrls or make config.properties available on classpath.
2024-01-30 23:21:16,040 INFO [main][URLConfigurationSource.java:122] - To enable URLs as dynamic configuration sources, define System property archaius.configurationSource.additionalUrls or make config.properties available on classpath.
2024-01-30 23:21:17,472 INFO [main][ExecutorConfigurationSupport.java:181] - Initializing ExecutorService 'Nacos-Watch-Task-Scheduler'
2024-01-30 23:21:17,472 INFO [main][ExecutorConfigurationSupport.java:181] - Initializing ExecutorService 'Nacos-Watch-Task-Scheduler'
2024-01-30 23:21:20,330 INFO [main][XxlJobExecutor.java:183] - >>>>>>>>>>> xxl-job register jobhandler success, name:CoursePublishJobHandler, jobHandler:com.xxl.job.core.handler.impl.MethodJobHandler@4f356b98[class com.xuecheng.content.service.jobhandler.CoursePublishTask#coursePublishJobHandler]
2024-01-30 23:21:20,330 INFO [main][XxlJobExecutor.java:183] - >>>>>>>>>>> xxl-job register jobhandler success, name:CoursePublishJobHandler, jobHandler:com.xxl.job.core.handler.impl.MethodJobHandler@4f356b98[class com.xuecheng.content.service.jobhandler.CoursePublishTask#coursePublishJobHandler]
2024-01-30 23:21:20,540 INFO [main][ExecutorConfigurationSupport.java:181] - Initializing ExecutorService 'applicationTaskExecutor'
2024-01-30 23:21:20,540 INFO [main][ExecutorConfigurationSupport.java:181] - Initializing ExecutorService 'applicationTaskExecutor'
2024-01-30 23:21:20,841 INFO [main][InitUtils.java:65] - initializer namespace from System Property :null
2024-01-30 23:21:20,841 INFO [main][InitUtils.java:65] - initializer namespace from System Property :null
2024-01-30 23:21:20,844 INFO [main][InitUtils.java:74] - initializer namespace from System Environment :null
2024-01-30 23:21:20,844 INFO [main][InitUtils.java:74] - initializer namespace from System Environment :null
2024-01-30 23:21:20,847 INFO [main][InitUtils.java:84] - initializer namespace from System Property :null
2024-01-30 23:21:20,847 INFO [main][InitUtils.java:84] - initializer namespace from System Property :null
2024-01-30 23:21:21,450 INFO [main][StartupInfoLogger.java:61] - Started TeachplanMapperTests in 18.021 seconds (JVM running for 22.84)
2024-01-30 23:21:21,450 INFO [main][StartupInfoLogger.java:61] - Started TeachplanMapperTests in 18.021 seconds (JVM running for 22.84)
2024-01-30 23:21:21,460 INFO [main][ClientWorker.java:169] - [fixed-192.168.101.65_8848-dev] [subscribe] content-service.yaml+xuecheng-plus-project+dev
2024-01-30 23:21:21,460 INFO [main][ClientWorker.java:169] - [fixed-192.168.101.65_8848-dev] [subscribe] content-service.yaml+xuecheng-plus-project+dev
2024-01-30 23:21:21,463 INFO [main][CacheData.java:92] - [fixed-192.168.101.65_8848-dev] [add-listener] ok, tenant=dev, dataId=content-service.yaml, group=xuecheng-plus-project, cnt=1
2024-01-30 23:21:21,463 INFO [main][CacheData.java:92] - [fixed-192.168.101.65_8848-dev] [add-listener] ok, tenant=dev, dataId=content-service.yaml, group=xuecheng-plus-project, cnt=1
2024-01-30 23:21:21,465 INFO [main][ClientWorker.java:169] - [fixed-192.168.101.65_8848-dev] [subscribe] content-service+xuecheng-plus-project+dev
2024-01-30 23:21:21,465 INFO [main][ClientWorker.java:169] - [fixed-192.168.101.65_8848-dev] [subscribe] content-service+xuecheng-plus-project+dev
2024-01-30 23:21:21,466 INFO [main][CacheData.java:92] - [fixed-192.168.101.65_8848-dev] [add-listener] ok, tenant=dev, dataId=content-service, group=xuecheng-plus-project, cnt=1
2024-01-30 23:21:21,466 INFO [main][CacheData.java:92] - [fixed-192.168.101.65_8848-dev] [add-listener] ok, tenant=dev, dataId=content-service, group=xuecheng-plus-project, cnt=1
2024-01-30 23:21:21,468 INFO [main][ClientWorker.java:169] - [fixed-192.168.101.65_8848-dev] [subscribe] content-service-dev.yaml+xuecheng-plus-project+dev
2024-01-30 23:21:21,468 INFO [main][ClientWorker.java:169] - [fixed-192.168.101.65_8848-dev] [subscribe] content-service-dev.yaml+xuecheng-plus-project+dev
2024-01-30 23:21:21,469 INFO [main][CacheData.java:92] - [fixed-192.168.101.65_8848-dev] [add-listener] ok, tenant=dev, dataId=content-service-dev.yaml, group=xuecheng-plus-project, cnt=1
2024-01-30 23:21:21,469 INFO [main][CacheData.java:92] - [fixed-192.168.101.65_8848-dev] [add-listener] ok, tenant=dev, dataId=content-service-dev.yaml, group=xuecheng-plus-project, cnt=1
2024-01-30 23:21:21,471 INFO [main][ClientWorker.java:169] - [fixed-192.168.101.65_8848-dev] [subscribe] feign-dev.yaml+xuecheng-plus-common+dev
2024-01-30 23:21:21,471 INFO [main][ClientWorker.java:169] - [fixed-192.168.101.65_8848-dev] [subscribe] feign-dev.yaml+xuecheng-plus-common+dev
2024-01-30 23:21:21,473 INFO [main][CacheData.java:92] - [fixed-192.168.101.65_8848-dev] [add-listener] ok, tenant=dev, dataId=feign-dev.yaml, group=xuecheng-plus-common, cnt=1
2024-01-30 23:21:21,473 INFO [main][CacheData.java:92] - [fixed-192.168.101.65_8848-dev] [add-listener] ok, tenant=dev, dataId=feign-dev.yaml, group=xuecheng-plus-common, cnt=1
2024-01-30 23:21:36,610 INFO [main][HikariDataSource.java:110] - HikariPool-1 - Starting...
2024-01-30 23:21:37,046 INFO [main][HikariDataSource.java:123] - HikariPool-1 - Start completed.
2024-01-30 23:21:36,610 INFO [main][HikariDataSource.java:110] - HikariPool-1 - Starting...
2024-01-30 23:21:37,046 INFO [main][HikariDataSource.java:123] - HikariPool-1 - Start completed.
2024-01-30 23:21:47,007 WARN [Thread-2][HttpClientBeanHolder.java:108] - [HttpClientBeanHolder] Start destroying common HttpClient
2024-01-30 23:21:47,007 WARN [Thread-2][HttpClientBeanHolder.java:108] - [HttpClientBeanHolder] Start destroying common HttpClient
2024-01-30 23:21:47,006 WARN [Thread-18][NotifyCenter.java:145] - [NotifyCenter] Start destroying Publisher
2024-01-30 23:21:47,009 WARN [Thread-2][HttpClientBeanHolder.java:114] - [HttpClientBeanHolder] Destruction of the end
2024-01-30 23:21:47,006 WARN [Thread-18][NotifyCenter.java:145] - [NotifyCenter] Start destroying Publisher
2024-01-30 23:21:47,009 WARN [Thread-2][HttpClientBeanHolder.java:114] - [HttpClientBeanHolder] Destruction of the end
2024-01-30 23:21:47,010 WARN [Thread-18][NotifyCenter.java:162] - [NotifyCenter] Destruction of the end
2024-01-30 23:21:47,010 INFO [SpringContextShutdownHook][ExecutorConfigurationSupport.java:218] - Shutting down ExecutorService 'Nacos-Watch-Task-Scheduler'
2024-01-30 23:21:47,010 WARN [Thread-18][NotifyCenter.java:162] - [NotifyCenter] Destruction of the end
2024-01-30 23:21:47,010 INFO [SpringContextShutdownHook][ExecutorConfigurationSupport.java:218] - Shutting down ExecutorService 'Nacos-Watch-Task-Scheduler'
2024-01-30 23:21:47,012 INFO [SpringContextShutdownHook][ExecutorConfigurationSupport.java:218] - Shutting down ExecutorService 'applicationTaskExecutor'
2024-01-30 23:21:47,012 INFO [SpringContextShutdownHook][ExecutorConfigurationSupport.java:218] - Shutting down ExecutorService 'applicationTaskExecutor'
2024-01-30 23:21:47,014 INFO [SpringContextShutdownHook][BeatReactor.java:147] - com.alibaba.nacos.client.naming.beat.BeatReactor do shutdown begin
2024-01-30 23:21:47,014 INFO [SpringContextShutdownHook][BeatReactor.java:147] - com.alibaba.nacos.client.naming.beat.BeatReactor do shutdown begin
2024-01-30 23:21:47,015 INFO [SpringContextShutdownHook][BeatReactor.java:149] - com.alibaba.nacos.client.naming.beat.BeatReactor do shutdown stop
2024-01-30 23:21:47,015 INFO [SpringContextShutdownHook][BeatReactor.java:149] - com.alibaba.nacos.client.naming.beat.BeatReactor do shutdown stop
2024-01-30 23:21:47,015 INFO [SpringContextShutdownHook][HostReactor.java:413] - com.alibaba.nacos.client.naming.core.HostReactor do shutdown begin
2024-01-30 23:21:47,015 INFO [SpringContextShutdownHook][HostReactor.java:413] - com.alibaba.nacos.client.naming.core.HostReactor do shutdown begin
2024-01-30 23:21:47,672 INFO [Thread-12][EmbedServer.java:82] - >>>>>>>>>>> xxl-job remoting server start success, nettype = class com.xxl.job.core.server.EmbedServer, port = 8999
2024-01-30 23:21:47,672 INFO [Thread-12][EmbedServer.java:82] - >>>>>>>>>>> xxl-job remoting server start success, nettype = class com.xxl.job.core.server.EmbedServer, port = 8999
2024-01-30 23:21:48,980 INFO [SpringContextShutdownHook][PushReceiver.java:132] - com.alibaba.nacos.client.naming.core.PushReceiver do shutdown begin
2024-01-30 23:21:48,980 INFO [SpringContextShutdownHook][PushReceiver.java:132] - com.alibaba.nacos.client.naming.core.PushReceiver do shutdown begin
2024-01-30 23:21:52,020 INFO [SpringContextShutdownHook][PushReceiver.java:136] - com.alibaba.nacos.client.naming.core.PushReceiver do shutdown stop
2024-01-30 23:21:52,020 INFO [SpringContextShutdownHook][PushReceiver.java:136] - com.alibaba.nacos.client.naming.core.PushReceiver do shutdown stop
2024-01-30 23:21:52,021 INFO [SpringContextShutdownHook][FailoverReactor.java:132] - com.alibaba.nacos.client.naming.backups.FailoverReactor do shutdown begin
2024-01-30 23:21:52,021 INFO [SpringContextShutdownHook][FailoverReactor.java:132] - com.alibaba.nacos.client.naming.backups.FailoverReactor do shutdown begin
2024-01-30 23:21:52,021 INFO [SpringContextShutdownHook][FailoverReactor.java:134] - com.alibaba.nacos.client.naming.backups.FailoverReactor do shutdown stop
2024-01-30 23:21:52,021 INFO [SpringContextShutdownHook][FailoverReactor.java:134] - com.alibaba.nacos.client.naming.backups.FailoverReactor do shutdown stop
2024-01-30 23:21:52,022 INFO [SpringContextShutdownHook][HostReactor.java:418] - com.alibaba.nacos.client.naming.core.HostReactor do shutdown stop
2024-01-30 23:21:52,022 INFO [SpringContextShutdownHook][HostReactor.java:418] - com.alibaba.nacos.client.naming.core.HostReactor do shutdown stop
2024-01-30 23:21:52,022 INFO [SpringContextShutdownHook][NamingProxy.java:719] - com.alibaba.nacos.client.naming.net.NamingProxy do shutdown begin
2024-01-30 23:21:52,022 INFO [SpringContextShutdownHook][NamingProxy.java:719] - com.alibaba.nacos.client.naming.net.NamingProxy do shutdown begin
2024-01-30 23:21:52,023 WARN [SpringContextShutdownHook][NamingHttpClientManager.java:72] - [NamingHttpClientManager] Start destroying NacosRestTemplate
2024-01-30 23:21:52,023 WARN [SpringContextShutdownHook][NamingHttpClientManager.java:72] - [NamingHttpClientManager] Start destroying NacosRestTemplate
2024-01-30 23:21:52,024 WARN [SpringContextShutdownHook][NamingHttpClientManager.java:79] - [NamingHttpClientManager] Destruction of the end
2024-01-30 23:21:52,024 WARN [SpringContextShutdownHook][NamingHttpClientManager.java:79] - [NamingHttpClientManager] Destruction of the end
2024-01-30 23:21:52,024 INFO [SpringContextShutdownHook][CredentialWatcher.java:105] - [null] CredentialWatcher is stopped
2024-01-30 23:21:52,024 INFO [SpringContextShutdownHook][CredentialWatcher.java:105] - [null] CredentialWatcher is stopped
2024-01-30 23:21:52,025 INFO [SpringContextShutdownHook][CredentialService.java:98] - [null] CredentialService is freed
2024-01-30 23:21:52,025 INFO [SpringContextShutdownHook][CredentialService.java:98] - [null] CredentialService is freed
2024-01-30 23:21:52,026 INFO [SpringContextShutdownHook][NamingProxy.java:723] - com.alibaba.nacos.client.naming.net.NamingProxy do shutdown stop
2024-01-30 23:21:52,026 INFO [SpringContextShutdownHook][NamingProxy.java:723] - com.alibaba.nacos.client.naming.net.NamingProxy do shutdown stop
2024-01-30 23:21:52,030 INFO [Thread-12][EmbedServer.java:91] - >>>>>>>>>>> xxl-job remoting server stop.
2024-01-30 23:21:52,030 INFO [Thread-12][EmbedServer.java:91] - >>>>>>>>>>> xxl-job remoting server stop.
2024-01-30 23:21:52,049 INFO [xxl-job, executor ExecutorRegistryThread][ExecutorRegistryThread.java:87] - >>>>>>>>>>> xxl-job registry-remove success, registryParam:RegistryParam{registryGroup='EXECUTOR', registryKey='coursepublish-job', registryValue='http://192.168.101.1:8999/'}, registryResult:ReturnT [code=200, msg=null, content=null]
2024-01-30 23:21:52,049 INFO [xxl-job, executor ExecutorRegistryThread][ExecutorRegistryThread.java:87] - >>>>>>>>>>> xxl-job registry-remove success, registryParam:RegistryParam{registryGroup='EXECUTOR', registryKey='coursepublish-job', registryValue='http://192.168.101.1:8999/'}, registryResult:ReturnT [code=200, msg=null, content=null]
2024-01-30 23:21:52,049 INFO [xxl-job, executor ExecutorRegistryThread][ExecutorRegistryThread.java:105] - >>>>>>>>>>> xxl-job, executor registry thread destroy.
2024-01-30 23:21:52,049 INFO [xxl-job, executor ExecutorRegistryThread][ExecutorRegistryThread.java:105] - >>>>>>>>>>> xxl-job, executor registry thread destroy.
2024-01-30 23:21:52,050 INFO [SpringContextShutdownHook][EmbedServer.java:117] - >>>>>>>>>>> xxl-job remoting server destroy success.
2024-01-30 23:21:52,050 INFO [SpringContextShutdownHook][EmbedServer.java:117] - >>>>>>>>>>> xxl-job remoting server destroy success.
2024-01-30 23:21:52,051 INFO [xxl-job, executor JobLogFileCleanThread][JobLogFileCleanThread.java:99] - >>>>>>>>>>> xxl-job, executor JobLogFileCleanThread thread destroy.
2024-01-30 23:21:52,051 INFO [xxl-job, executor JobLogFileCleanThread][JobLogFileCleanThread.java:99] - >>>>>>>>>>> xxl-job, executor JobLogFileCleanThread thread destroy.
2024-01-30 23:21:52,052 INFO [xxl-job, executor TriggerCallbackThread][TriggerCallbackThread.java:98] - >>>>>>>>>>> xxl-job, executor callback thread destroy.
2024-01-30 23:21:52,052 INFO [xxl-job, executor TriggerCallbackThread][TriggerCallbackThread.java:98] - >>>>>>>>>>> xxl-job, executor callback thread destroy.
2024-01-30 23:21:52,053 INFO [Thread-11][TriggerCallbackThread.java:128] - >>>>>>>>>>> xxl-job, executor retry callback thread destroy.
2024-01-30 23:21:52,053 INFO [Thread-11][TriggerCallbackThread.java:128] - >>>>>>>>>>> xxl-job, executor retry callback thread destroy.
2024-01-30 23:21:52,069 INFO [SpringContextShutdownHook][HikariDataSource.java:350] - HikariPool-1 - Shutdown initiated...
2024-01-30 23:21:52,069 INFO [SpringContextShutdownHook][HikariDataSource.java:350] - HikariPool-1 - Shutdown initiated...
2024-01-30 23:21:52,113 INFO [SpringContextShutdownHook][HikariDataSource.java:352] - HikariPool-1 - Shutdown completed.
2024-01-30 23:21:52,113 INFO [SpringContextShutdownHook][HikariDataSource.java:352] - HikariPool-1 - Shutdown completed.
