2024-01-22 00:00:50,285 INFO [main][SpringApplication.java:655] - The following profiles are active: dev
2024-01-22 00:00:50,285 INFO [main][SpringApplication.java:655] - The following profiles are active: dev
2024-01-22 00:00:54,646 WARN [main][EndpointId.java:155] - Endpoint ID 'service-registry' contains invalid characters, please migrate to a valid format.
2024-01-22 00:00:54,646 WARN [main][EndpointId.java:155] - Endpoint ID 'service-registry' contains invalid characters, please migrate to a valid format.
2024-01-22 00:00:55,071 DEBUG [main][LogFactory.java:105] - Logging initialized using 'class org.apache.ibatis.logging.slf4j.Slf4jImpl' adapter.
2024-01-22 00:00:55,071 DEBUG [main][LogFactory.java:105] - Logging initialized using 'class org.apache.ibatis.logging.slf4j.Slf4jImpl' adapter.
2024-01-22 00:00:55,446 INFO [main][GenericScope.java:295] - BeanFactory id=900fed98-3e47-31a0-ac70-e05d96ed4098
2024-01-22 00:00:55,446 INFO [main][GenericScope.java:295] - BeanFactory id=900fed98-3e47-31a0-ac70-e05d96ed4098
2024-01-22 00:00:56,115 INFO [main][PostProcessorRegistrationDelegate.java:335] - Bean 'org.springframework.security.access.expression.method.DefaultMethodSecurityExpressionHandler@7da1e005' of type [org.springframework.security.oauth2.provider.expression.OAuth2MethodSecurityExpressionHandler] is not eligible for getting processed by all BeanPostProcessors (for example: not eligible for auto-proxying)
2024-01-22 00:00:56,115 INFO [main][PostProcessorRegistrationDelegate.java:335] - Bean 'org.springframework.security.access.expression.method.DefaultMethodSecurityExpressionHandler@7da1e005' of type [org.springframework.security.oauth2.provider.expression.OAuth2MethodSecurityExpressionHandler] is not eligible for getting processed by all BeanPostProcessors (for example: not eligible for auto-proxying)
2024-01-22 00:00:56,142 INFO [main][PostProcessorRegistrationDelegate.java:335] - Bean 'methodSecurityMetadataSource' of type [org.springframework.security.access.method.DelegatingMethodSecurityMetadataSource] is not eligible for getting processed by all BeanPostProcessors (for example: not eligible for auto-proxying)
2024-01-22 00:00:56,142 INFO [main][PostProcessorRegistrationDelegate.java:335] - Bean 'methodSecurityMetadataSource' of type [org.springframework.security.access.method.DelegatingMethodSecurityMetadataSource] is not eligible for getting processed by all BeanPostProcessors (for example: not eligible for auto-proxying)
2024-01-22 00:00:57,339 INFO [main][TomcatWebServer.java:108] - Tomcat initialized with port(s): 63070 (http)
2024-01-22 00:00:57,339 INFO [main][TomcatWebServer.java:108] - Tomcat initialized with port(s): 63070 (http)
2024-01-22 00:00:57,373 INFO [main][DirectJDKLog.java:173] - Initializing ProtocolHandler ["http-nio-63070"]
2024-01-22 00:00:57,373 INFO [main][DirectJDKLog.java:173] - Initializing ProtocolHandler ["http-nio-63070"]
2024-01-22 00:00:57,375 INFO [main][DirectJDKLog.java:173] - Starting service [Tomcat]
2024-01-22 00:00:57,375 INFO [main][DirectJDKLog.java:173] - Starting service [Tomcat]
2024-01-22 00:00:57,377 INFO [main][DirectJDKLog.java:173] - Starting Servlet engine: [Apache Tomcat/9.0.41]
2024-01-22 00:00:57,377 INFO [main][DirectJDKLog.java:173] - Starting Servlet engine: [Apache Tomcat/9.0.41]
2024-01-22 00:00:57,986 INFO [main][DirectJDKLog.java:173] - Initializing Spring embedded WebApplicationContext
2024-01-22 00:00:57,986 INFO [main][DirectJDKLog.java:173] - Initializing Spring embedded WebApplicationContext
2024-01-22 00:00:57,986 INFO [main][ServletWebServerApplicationContext.java:285] - Root WebApplicationContext: initialization completed in 7625 ms
2024-01-22 00:00:57,986 INFO [main][ServletWebServerApplicationContext.java:285] - Root WebApplicationContext: initialization completed in 7625 ms
2024-01-22 00:00:58,237 DEBUG [main][InternalLoggerFactory.java:61] - Using SLF4J as the default logging framework
2024-01-22 00:00:58,237 DEBUG [main][InternalLoggerFactory.java:61] - Using SLF4J as the default logging framework
2024-01-22 00:00:58,923 WARN [main][AbstractApplicationContext.java:559] - Exception encountered during context initialization - cancelling refresh attempt: org.springframework.beans.factory.UnsatisfiedDependencyException: Error creating bean with name 'authorizationServer': Unsatisfied dependency expressed through field 'authenticationManager'; nested exception is org.springframework.beans.factory.NoSuchBeanDefinitionException: No qualifying bean of type 'org.springframework.security.authentication.AuthenticationManager' available: expected at least 1 bean which qualifies as autowire candidate. Dependency annotations: {@org.springframework.beans.factory.annotation.Autowired(required=true)}
2024-01-22 00:00:58,923 WARN [main][AbstractApplicationContext.java:559] - Exception encountered during context initialization - cancelling refresh attempt: org.springframework.beans.factory.UnsatisfiedDependencyException: Error creating bean with name 'authorizationServer': Unsatisfied dependency expressed through field 'authenticationManager'; nested exception is org.springframework.beans.factory.NoSuchBeanDefinitionException: No qualifying bean of type 'org.springframework.security.authentication.AuthenticationManager' available: expected at least 1 bean which qualifies as autowire candidate. Dependency annotations: {@org.springframework.beans.factory.annotation.Autowired(required=true)}
2024-01-22 00:00:58,935 INFO [main][DirectJDKLog.java:173] - Stopping service [Tomcat]
2024-01-22 00:00:58,935 INFO [main][DirectJDKLog.java:173] - Stopping service [Tomcat]
2024-01-22 00:00:59,002 INFO [main][ConditionEvaluationReportLoggingListener.java:136] - 

Error starting ApplicationContext. To display the conditions report re-run your application with 'debug' enabled.
2024-01-22 00:00:59,002 INFO [main][ConditionEvaluationReportLoggingListener.java:136] - 

Error starting ApplicationContext. To display the conditions report re-run your application with 'debug' enabled.
2024-01-22 00:00:59,901 ERROR [main][LoggingFailureAnalysisReporter.java:40] - 

***************************
APPLICATION FAILED TO START
***************************

Description:

Field authenticationManager in com.xuecheng.auth.config.AuthorizationServer required a bean of type 'org.springframework.security.authentication.AuthenticationManager' that could not be found.

The injection point has the following annotations:
	- @org.springframework.beans.factory.annotation.Autowired(required=true)


Action:

Consider defining a bean of type 'org.springframework.security.authentication.AuthenticationManager' in your configuration.

2024-01-22 00:00:59,901 ERROR [main][LoggingFailureAnalysisReporter.java:40] - 

***************************
APPLICATION FAILED TO START
***************************

Description:

Field authenticationManager in com.xuecheng.auth.config.AuthorizationServer required a bean of type 'org.springframework.security.authentication.AuthenticationManager' that could not be found.

The injection point has the following annotations:
	- @org.springframework.beans.factory.annotation.Autowired(required=true)


Action:

Consider defining a bean of type 'org.springframework.security.authentication.AuthenticationManager' in your configuration.

2024-01-22 00:00:59,908 WARN [Thread-14][HttpClientBeanHolder.java:108] - [HttpClientBeanHolder] Start destroying common HttpClient
2024-01-22 00:00:59,908 WARN [Thread-14][HttpClientBeanHolder.java:108] - [HttpClientBeanHolder] Start destroying common HttpClient
2024-01-22 00:00:59,911 WARN [Thread-14][HttpClientBeanHolder.java:114] - [HttpClientBeanHolder] Destruction of the end
2024-01-22 00:00:59,911 WARN [Thread-14][HttpClientBeanHolder.java:114] - [HttpClientBeanHolder] Destruction of the end
2024-01-22 00:02:42,995 INFO [main][SpringApplication.java:655] - The following profiles are active: dev
2024-01-22 00:02:42,995 INFO [main][SpringApplication.java:655] - The following profiles are active: dev
2024-01-22 00:02:45,048 WARN [main][EndpointId.java:155] - Endpoint ID 'service-registry' contains invalid characters, please migrate to a valid format.
2024-01-22 00:02:45,048 WARN [main][EndpointId.java:155] - Endpoint ID 'service-registry' contains invalid characters, please migrate to a valid format.
2024-01-22 00:02:45,186 DEBUG [main][LogFactory.java:105] - Logging initialized using 'class org.apache.ibatis.logging.slf4j.Slf4jImpl' adapter.
2024-01-22 00:02:45,186 DEBUG [main][LogFactory.java:105] - Logging initialized using 'class org.apache.ibatis.logging.slf4j.Slf4jImpl' adapter.
2024-01-22 00:02:45,377 INFO [main][GenericScope.java:295] - BeanFactory id=900fed98-3e47-31a0-ac70-e05d96ed4098
2024-01-22 00:02:45,377 INFO [main][GenericScope.java:295] - BeanFactory id=900fed98-3e47-31a0-ac70-e05d96ed4098
2024-01-22 00:02:45,786 INFO [main][PostProcessorRegistrationDelegate.java:335] - Bean 'org.springframework.security.access.expression.method.DefaultMethodSecurityExpressionHandler@4837f97e' of type [org.springframework.security.oauth2.provider.expression.OAuth2MethodSecurityExpressionHandler] is not eligible for getting processed by all BeanPostProcessors (for example: not eligible for auto-proxying)
2024-01-22 00:02:45,786 INFO [main][PostProcessorRegistrationDelegate.java:335] - Bean 'org.springframework.security.access.expression.method.DefaultMethodSecurityExpressionHandler@4837f97e' of type [org.springframework.security.oauth2.provider.expression.OAuth2MethodSecurityExpressionHandler] is not eligible for getting processed by all BeanPostProcessors (for example: not eligible for auto-proxying)
2024-01-22 00:02:45,805 INFO [main][PostProcessorRegistrationDelegate.java:335] - Bean 'methodSecurityMetadataSource' of type [org.springframework.security.access.method.DelegatingMethodSecurityMetadataSource] is not eligible for getting processed by all BeanPostProcessors (for example: not eligible for auto-proxying)
2024-01-22 00:02:45,805 INFO [main][PostProcessorRegistrationDelegate.java:335] - Bean 'methodSecurityMetadataSource' of type [org.springframework.security.access.method.DelegatingMethodSecurityMetadataSource] is not eligible for getting processed by all BeanPostProcessors (for example: not eligible for auto-proxying)
2024-01-22 00:02:46,344 INFO [main][TomcatWebServer.java:108] - Tomcat initialized with port(s): 63070 (http)
2024-01-22 00:02:46,344 INFO [main][TomcatWebServer.java:108] - Tomcat initialized with port(s): 63070 (http)
2024-01-22 00:02:46,363 INFO [main][DirectJDKLog.java:173] - Initializing ProtocolHandler ["http-nio-63070"]
2024-01-22 00:02:46,363 INFO [main][DirectJDKLog.java:173] - Initializing ProtocolHandler ["http-nio-63070"]
2024-01-22 00:02:46,364 INFO [main][DirectJDKLog.java:173] - Starting service [Tomcat]
2024-01-22 00:02:46,364 INFO [main][DirectJDKLog.java:173] - Starting service [Tomcat]
2024-01-22 00:02:46,364 INFO [main][DirectJDKLog.java:173] - Starting Servlet engine: [Apache Tomcat/9.0.41]
2024-01-22 00:02:46,364 INFO [main][DirectJDKLog.java:173] - Starting Servlet engine: [Apache Tomcat/9.0.41]
2024-01-22 00:02:46,615 INFO [main][DirectJDKLog.java:173] - Initializing Spring embedded WebApplicationContext
2024-01-22 00:02:46,615 INFO [main][DirectJDKLog.java:173] - Initializing Spring embedded WebApplicationContext
2024-01-22 00:02:46,615 INFO [main][ServletWebServerApplicationContext.java:285] - Root WebApplicationContext: initialization completed in 3582 ms
2024-01-22 00:02:46,615 INFO [main][ServletWebServerApplicationContext.java:285] - Root WebApplicationContext: initialization completed in 3582 ms
2024-01-22 00:02:46,730 DEBUG [main][InternalLoggerFactory.java:61] - Using SLF4J as the default logging framework
2024-01-22 00:02:46,730 DEBUG [main][InternalLoggerFactory.java:61] - Using SLF4J as the default logging framework
2024-01-22 00:02:47,096 WARN [main][AbstractApplicationContext.java:559] - Exception encountered during context initialization - cancelling refresh attempt: org.springframework.beans.factory.UnsatisfiedDependencyException: Error creating bean with name 'authorizationServer': Unsatisfied dependency expressed through field 'authenticationManager'; nested exception is org.springframework.beans.factory.NoSuchBeanDefinitionException: No qualifying bean of type 'org.springframework.security.authentication.AuthenticationManager' available: expected at least 1 bean which qualifies as autowire candidate. Dependency annotations: {@org.springframework.beans.factory.annotation.Autowired(required=true)}
2024-01-22 00:02:47,096 WARN [main][AbstractApplicationContext.java:559] - Exception encountered during context initialization - cancelling refresh attempt: org.springframework.beans.factory.UnsatisfiedDependencyException: Error creating bean with name 'authorizationServer': Unsatisfied dependency expressed through field 'authenticationManager'; nested exception is org.springframework.beans.factory.NoSuchBeanDefinitionException: No qualifying bean of type 'org.springframework.security.authentication.AuthenticationManager' available: expected at least 1 bean which qualifies as autowire candidate. Dependency annotations: {@org.springframework.beans.factory.annotation.Autowired(required=true)}
2024-01-22 00:02:47,107 INFO [main][DirectJDKLog.java:173] - Stopping service [Tomcat]
2024-01-22 00:02:47,107 INFO [main][DirectJDKLog.java:173] - Stopping service [Tomcat]
2024-01-22 00:02:47,162 INFO [main][ConditionEvaluationReportLoggingListener.java:136] - 

Error starting ApplicationContext. To display the conditions report re-run your application with 'debug' enabled.
2024-01-22 00:02:47,162 INFO [main][ConditionEvaluationReportLoggingListener.java:136] - 

Error starting ApplicationContext. To display the conditions report re-run your application with 'debug' enabled.
2024-01-22 00:02:47,794 ERROR [main][LoggingFailureAnalysisReporter.java:40] - 

***************************
APPLICATION FAILED TO START
***************************

Description:

Field authenticationManager in com.xuecheng.auth.config.AuthorizationServer required a bean of type 'org.springframework.security.authentication.AuthenticationManager' that could not be found.

The injection point has the following annotations:
	- @org.springframework.beans.factory.annotation.Autowired(required=true)


Action:

Consider defining a bean of type 'org.springframework.security.authentication.AuthenticationManager' in your configuration.

2024-01-22 00:02:47,794 ERROR [main][LoggingFailureAnalysisReporter.java:40] - 

***************************
APPLICATION FAILED TO START
***************************

Description:

Field authenticationManager in com.xuecheng.auth.config.AuthorizationServer required a bean of type 'org.springframework.security.authentication.AuthenticationManager' that could not be found.

The injection point has the following annotations:
	- @org.springframework.beans.factory.annotation.Autowired(required=true)


Action:

Consider defining a bean of type 'org.springframework.security.authentication.AuthenticationManager' in your configuration.

2024-01-22 00:02:47,797 WARN [Thread-9][HttpClientBeanHolder.java:108] - [HttpClientBeanHolder] Start destroying common HttpClient
2024-01-22 00:02:47,797 WARN [Thread-9][HttpClientBeanHolder.java:108] - [HttpClientBeanHolder] Start destroying common HttpClient
2024-01-22 00:02:47,799 WARN [Thread-9][HttpClientBeanHolder.java:114] - [HttpClientBeanHolder] Destruction of the end
2024-01-22 00:02:47,799 WARN [Thread-9][HttpClientBeanHolder.java:114] - [HttpClientBeanHolder] Destruction of the end
