2023-12-16 20:01:28,212 ERROR [main][LoggingFailureAnalysisReporter.java:40] - 

***************************
APPLICATION FAILED TO START
***************************

Description:

Field courseBaseMapper in com.xuecheng.content.service.impl.CourseBaseInfoServiceImpl required a bean of type 'com.xuecheng.content.mapper.CourseBaseMapper' that could not be found.

The injection point has the following annotations:
	- @org.springframework.beans.factory.annotation.Autowired(required=true)


Action:

Consider defining a bean of type 'com.xuecheng.content.mapper.CourseBaseMapper' in your configuration.

2023-12-16 20:02:20,802 ERROR [main][LoggingFailureAnalysisReporter.java:40] - 

***************************
APPLICATION FAILED TO START
***************************

Description:

Field courseBaseMapper in com.xuecheng.content.service.impl.CourseBaseInfoServiceImpl required a bean of type 'com.xuecheng.content.mapper.CourseBaseMapper' that could not be found.

The injection point has the following annotations:
	- @org.springframework.beans.factory.annotation.Autowired(required=true)


Action:

Consider defining a bean of type 'com.xuecheng.content.mapper.CourseBaseMapper' in your configuration.

