2023-12-16 19:44:15,125 INFO [SpringContextShutdownHook][ExecutorConfigurationSupport.java:218] - Shutting down ExecutorService 'applicationTaskExecutor'
2023-12-16 19:44:15,125 INFO [SpringContextShutdownHook][ExecutorConfigurationSupport.java:218] - Shutting down ExecutorService 'applicationTaskExecutor'
2023-12-16 19:44:15,142 INFO [SpringContextShutdownHook][HikariDataSource.java:350] - HikariPool-1 - Shutdown initiated...
2023-12-16 19:44:15,142 INFO [SpringContextShutdownHook][HikariDataSource.java:350] - HikariPool-1 - Shutdown initiated...
2023-12-16 19:44:15,152 INFO [SpringContextShutdownHook][HikariDataSource.java:352] - HikariPool-1 - Shutdown completed.
2023-12-16 19:44:15,152 INFO [SpringContextShutdownHook][HikariDataSource.java:352] - HikariPool-1 - Shutdown completed.
2023-12-16 19:44:15,372 INFO [SpringContextShutdownHook][ExecutorConfigurationSupport.java:218] - Shutting down ExecutorService 'taskScheduler'
2023-12-16 19:44:15,372 INFO [SpringContextShutdownHook][ExecutorConfigurationSupport.java:218] - Shutting down ExecutorService 'taskScheduler'
2023-12-16 19:44:15,374 INFO [SpringContextShutdownHook][ExecutorConfigurationSupport.java:218] - Shutting down ExecutorService 'applicationTaskExecutor'
2023-12-16 19:44:15,374 INFO [SpringContextShutdownHook][ExecutorConfigurationSupport.java:218] - Shutting down ExecutorService 'applicationTaskExecutor'
2023-12-16 19:44:15,376 INFO [SpringContextShutdownHook][HikariDataSource.java:350] - HikariPool-1 - Shutdown initiated...
2023-12-16 19:44:15,376 INFO [SpringContextShutdownHook][HikariDataSource.java:350] - HikariPool-1 - Shutdown initiated...
2023-12-16 19:44:15,377 DEBUG [SpringContextShutdownHook][HikariPool.java:421] - HikariPool-1 - Before shutdown stats (total=10, active=0, idle=10, waiting=0)
2023-12-16 19:44:15,377 DEBUG [SpringContextShutdownHook][HikariPool.java:421] - HikariPool-1 - Before shutdown stats (total=10, active=0, idle=10, waiting=0)
2023-12-16 19:44:15,378 DEBUG [HikariPool-1 connection closer][PoolBase.java:134] - HikariPool-1 - Closing connection com.mysql.cj.jdbc.ConnectionImpl@2715d165: (connection evicted)
2023-12-16 19:44:15,378 DEBUG [HikariPool-1 connection closer][PoolBase.java:134] - HikariPool-1 - Closing connection com.mysql.cj.jdbc.ConnectionImpl@2715d165: (connection evicted)
2023-12-16 19:44:15,378 DEBUG [HikariPool-1 connection closer][PoolBase.java:134] - HikariPool-1 - Closing connection com.mysql.cj.jdbc.ConnectionImpl@572c7114: (connection evicted)
2023-12-16 19:44:15,378 DEBUG [HikariPool-1 connection closer][PoolBase.java:134] - HikariPool-1 - Closing connection com.mysql.cj.jdbc.ConnectionImpl@572c7114: (connection evicted)
2023-12-16 19:44:15,379 DEBUG [HikariPool-1 connection closer][PoolBase.java:134] - HikariPool-1 - Closing connection com.mysql.cj.jdbc.ConnectionImpl@23f63645: (connection evicted)
2023-12-16 19:44:15,379 DEBUG [HikariPool-1 connection closer][PoolBase.java:134] - HikariPool-1 - Closing connection com.mysql.cj.jdbc.ConnectionImpl@23f63645: (connection evicted)
2023-12-16 19:44:15,379 DEBUG [HikariPool-1 connection closer][PoolBase.java:134] - HikariPool-1 - Closing connection com.mysql.cj.jdbc.ConnectionImpl@6b7a08c1: (connection evicted)
2023-12-16 19:44:15,379 DEBUG [HikariPool-1 connection closer][PoolBase.java:134] - HikariPool-1 - Closing connection com.mysql.cj.jdbc.ConnectionImpl@6b7a08c1: (connection evicted)
2023-12-16 19:44:15,380 DEBUG [HikariPool-1 connection closer][PoolBase.java:134] - HikariPool-1 - Closing connection com.mysql.cj.jdbc.ConnectionImpl@20de821a: (connection evicted)
2023-12-16 19:44:15,380 DEBUG [HikariPool-1 connection closer][PoolBase.java:134] - HikariPool-1 - Closing connection com.mysql.cj.jdbc.ConnectionImpl@20de821a: (connection evicted)
2023-12-16 19:44:15,381 DEBUG [HikariPool-1 connection closer][PoolBase.java:134] - HikariPool-1 - Closing connection com.mysql.cj.jdbc.ConnectionImpl@bb506a0: (connection evicted)
2023-12-16 19:44:15,381 DEBUG [HikariPool-1 connection closer][PoolBase.java:134] - HikariPool-1 - Closing connection com.mysql.cj.jdbc.ConnectionImpl@bb506a0: (connection evicted)
2023-12-16 19:44:15,382 DEBUG [HikariPool-1 connection closer][PoolBase.java:134] - HikariPool-1 - Closing connection com.mysql.cj.jdbc.ConnectionImpl@7fb30794: (connection evicted)
2023-12-16 19:44:15,382 DEBUG [HikariPool-1 connection closer][PoolBase.java:134] - HikariPool-1 - Closing connection com.mysql.cj.jdbc.ConnectionImpl@7fb30794: (connection evicted)
2023-12-16 19:44:15,384 DEBUG [HikariPool-1 connection closer][PoolBase.java:134] - HikariPool-1 - Closing connection com.mysql.cj.jdbc.ConnectionImpl@5d1eac68: (connection evicted)
2023-12-16 19:44:15,384 DEBUG [HikariPool-1 connection closer][PoolBase.java:134] - HikariPool-1 - Closing connection com.mysql.cj.jdbc.ConnectionImpl@5d1eac68: (connection evicted)
2023-12-16 19:44:15,385 DEBUG [HikariPool-1 connection closer][PoolBase.java:134] - HikariPool-1 - Closing connection com.mysql.cj.jdbc.ConnectionImpl@294e5280: (connection evicted)
2023-12-16 19:44:15,385 DEBUG [HikariPool-1 connection closer][PoolBase.java:134] - HikariPool-1 - Closing connection com.mysql.cj.jdbc.ConnectionImpl@294e5280: (connection evicted)
2023-12-16 19:44:15,386 DEBUG [HikariPool-1 connection closer][PoolBase.java:134] - HikariPool-1 - Closing connection com.mysql.cj.jdbc.ConnectionImpl@927022e: (connection evicted)
2023-12-16 19:44:15,386 DEBUG [HikariPool-1 connection closer][PoolBase.java:134] - HikariPool-1 - Closing connection com.mysql.cj.jdbc.ConnectionImpl@927022e: (connection evicted)
2023-12-16 19:44:15,387 DEBUG [SpringContextShutdownHook][HikariPool.java:421] - HikariPool-1 - After shutdown stats (total=0, active=0, idle=0, waiting=0)
2023-12-16 19:44:15,387 DEBUG [SpringContextShutdownHook][HikariPool.java:421] - HikariPool-1 - After shutdown stats (total=0, active=0, idle=0, waiting=0)
2023-12-16 19:44:15,388 INFO [SpringContextShutdownHook][HikariDataSource.java:352] - HikariPool-1 - Shutdown completed.
2023-12-16 19:44:15,388 INFO [SpringContextShutdownHook][HikariDataSource.java:352] - HikariPool-1 - Shutdown completed.
2023-12-16 19:55:02,152 INFO [background-preinit][Version.java:21] - HV000001: Hibernate Validator 6.1.6.Final
2023-12-16 19:55:02,152 INFO [background-preinit][Version.java:21] - HV000001: Hibernate Validator 6.1.6.Final
2023-12-16 19:55:02,939 INFO [main][SpringApplication.java:651] - No active profile set, falling back to default profiles: default
2023-12-16 19:55:02,939 INFO [main][SpringApplication.java:651] - No active profile set, falling back to default profiles: default
2023-12-16 19:55:04,214 WARN [main][Logger.java:44] - No MyBatis mapper was found in '[com.xuecheng.content.mapper]' package. Please check your configuration.
2023-12-16 19:55:04,214 WARN [main][Logger.java:44] - No MyBatis mapper was found in '[com.xuecheng.content.mapper]' package. Please check your configuration.
2023-12-16 19:55:04,306 INFO [main][GenericScope.java:295] - BeanFactory id=00887787-1a79-32a7-bb09-a650483fb773
2023-12-16 19:55:04,306 INFO [main][GenericScope.java:295] - BeanFactory id=00887787-1a79-32a7-bb09-a650483fb773
2023-12-16 19:55:04,735 INFO [main][TomcatWebServer.java:108] - Tomcat initialized with port(s): 63040 (http)
2023-12-16 19:55:04,735 INFO [main][TomcatWebServer.java:108] - Tomcat initialized with port(s): 63040 (http)
2023-12-16 19:55:04,748 INFO [main][DirectJDKLog.java:173] - Initializing ProtocolHandler ["http-nio-63040"]
2023-12-16 19:55:04,748 INFO [main][DirectJDKLog.java:173] - Initializing ProtocolHandler ["http-nio-63040"]
2023-12-16 19:55:04,749 INFO [main][DirectJDKLog.java:173] - Starting service [Tomcat]
2023-12-16 19:55:04,749 INFO [main][DirectJDKLog.java:173] - Starting service [Tomcat]
2023-12-16 19:55:04,749 INFO [main][DirectJDKLog.java:173] - Starting Servlet engine: [Apache Tomcat/9.0.41]
2023-12-16 19:55:04,749 INFO [main][DirectJDKLog.java:173] - Starting Servlet engine: [Apache Tomcat/9.0.41]
2023-12-16 19:55:04,902 INFO [main][DirectJDKLog.java:173] - Initializing Spring embedded WebApplicationContext
2023-12-16 19:55:04,902 INFO [main][DirectJDKLog.java:173] - Initializing Spring embedded WebApplicationContext
2023-12-16 19:55:04,903 INFO [main][ServletWebServerApplicationContext.java:285] - Root WebApplicationContext: initialization completed in 1929 ms
2023-12-16 19:55:04,903 INFO [main][ServletWebServerApplicationContext.java:285] - Root WebApplicationContext: initialization completed in 1929 ms
2023-12-16 19:55:04,985 WARN [main][AbstractApplicationContext.java:559] - Exception encountered during context initialization - cancelling refresh attempt: org.springframework.beans.factory.UnsatisfiedDependencyException: Error creating bean with name 'courseBaseInfoController': Unsatisfied dependency expressed through field 'courseBaseInfoService'; nested exception is org.springframework.beans.factory.UnsatisfiedDependencyException: Error creating bean with name 'courseBaseInfoServiceImpl': Unsatisfied dependency expressed through field 'courseBaseMapper'; nested exception is org.springframework.beans.factory.NoSuchBeanDefinitionException: No qualifying bean of type 'com.xuecheng.content.mapper.CourseBaseMapper' available: expected at least 1 bean which qualifies as autowire candidate. Dependency annotations: {@org.springframework.beans.factory.annotation.Autowired(required=true)}
2023-12-16 19:55:04,985 WARN [main][AbstractApplicationContext.java:559] - Exception encountered during context initialization - cancelling refresh attempt: org.springframework.beans.factory.UnsatisfiedDependencyException: Error creating bean with name 'courseBaseInfoController': Unsatisfied dependency expressed through field 'courseBaseInfoService'; nested exception is org.springframework.beans.factory.UnsatisfiedDependencyException: Error creating bean with name 'courseBaseInfoServiceImpl': Unsatisfied dependency expressed through field 'courseBaseMapper'; nested exception is org.springframework.beans.factory.NoSuchBeanDefinitionException: No qualifying bean of type 'com.xuecheng.content.mapper.CourseBaseMapper' available: expected at least 1 bean which qualifies as autowire candidate. Dependency annotations: {@org.springframework.beans.factory.annotation.Autowired(required=true)}
2023-12-16 19:55:04,987 INFO [main][DirectJDKLog.java:173] - Stopping service [Tomcat]
2023-12-16 19:55:04,987 INFO [main][DirectJDKLog.java:173] - Stopping service [Tomcat]
2023-12-16 19:55:05,003 INFO [main][ConditionEvaluationReportLoggingListener.java:136] - 

Error starting ApplicationContext. To display the conditions report re-run your application with 'debug' enabled.
2023-12-16 19:55:05,003 INFO [main][ConditionEvaluationReportLoggingListener.java:136] - 

Error starting ApplicationContext. To display the conditions report re-run your application with 'debug' enabled.
2023-12-16 19:55:05,205 ERROR [main][LoggingFailureAnalysisReporter.java:40] - 

***************************
APPLICATION FAILED TO START
***************************

Description:

Field courseBaseMapper in com.xuecheng.content.service.impl.CourseBaseInfoServiceImpl required a bean of type 'com.xuecheng.content.mapper.CourseBaseMapper' that could not be found.

The injection point has the following annotations:
	- @org.springframework.beans.factory.annotation.Autowired(required=true)


Action:

Consider defining a bean of type 'com.xuecheng.content.mapper.CourseBaseMapper' in your configuration.

